[  170177ms] [ERROR] Failed to load resource: the server responded with a status of 404 () @ https://t0.gstatic.com/faviconV2?client=SOCIAL&type=FAVICON&fallback_opts=TYPE,SIZE,URL&url=http://aamu.edu&size=128:0
[  180876ms] [ERROR] Failed to load resource: the server responded with a status of 404 () @ https://t1.gstatic.com/faviconV2?client=SOCIAL&type=FAVICON&fallback_opts=TYPE,SIZE,URL&url=http://berry.edu&size=128:0
[  182326ms] [ERROR] Failed to load resource: the server responded with a status of 404 () @ https://t3.gstatic.com/faviconV2?client=SOCIAL&type=FAVICON&fallback_opts=TYPE,SIZE,URL&url=http://cabrini.edu&size=128:0
[  182880ms] [ERROR] Failed to load resource: the server responded with a status of 404 () @ https://t0.gstatic.com/faviconV2?client=SOCIAL&type=FAVICON&fallback_opts=TYPE,SIZE,URL&url=http://csuchico.edu&size=128:0
[  182880ms] [ERROR] Failed to load resource: the server responded with a status of 404 () @ https://t0.gstatic.com/faviconV2?client=SOCIAL&type=FAVICON&fallback_opts=TYPE,SIZE,URL&url=http://mail.fresnostate.edu&size=128:0
[  183566ms] [ERROR] Failed to load resource: the server responded with a status of 404 () @ https://t3.gstatic.com/faviconV2?client=SOCIAL&type=FAVICON&fallback_opts=TYPE,SIZE,URL&url=http://andrew.cmu.edu&size=128:0
[  183567ms] [ERROR] Failed to load resource: the server responded with a status of 404 () @ https://t3.gstatic.com/faviconV2?client=SOCIAL&type=FAVICON&fallback_opts=TYPE,SIZE,URL&url=http://carrollu.edu&size=128:0
[  183582ms] [ERROR] Failed to load resource: the server responded with a status of 404 () @ https://t3.gstatic.com/faviconV2?client=SOCIAL&type=FAVICON&fallback_opts=TYPE,SIZE,URL&url=http://csu.edu&size=128:0
[  184029ms] [ERROR] Failed to load resource: the server responded with a status of 404 () @ https://t3.gstatic.com/faviconV2?client=SOCIAL&type=FAVICON&fallback_opts=TYPE,SIZE,URL&url=http://cau.edu&size=128:0
[  184034ms] [ERROR] Failed to load resource: the server responded with a status of 404 () @ https://t0.gstatic.com/faviconV2?client=SOCIAL&type=FAVICON&fallback_opts=TYPE,SIZE,URL&url=http://coe.edu&size=128:0
[  184034ms] [ERROR] Failed to load resource: the server responded with a status of 404 () @ https://t3.gstatic.com/faviconV2?client=SOCIAL&type=FAVICON&fallback_opts=TYPE,SIZE,URL&url=http://claflin.edu&size=128:0
[  184043ms] [ERROR] Failed to load resource: the server responded with a status of 404 () @ https://t0.gstatic.com/faviconV2?client=SOCIAL&type=FAVICON&fallback_opts=TYPE,SIZE,URL&url=http://cms.claremont.edu&size=128:0
[  184823ms] [ERROR] Failed to load resource: the server responded with a status of 404 () @ https://t3.gstatic.com/faviconV2?client=SOCIAL&type=FAVICON&fallback_opts=TYPE,SIZE,URL&url=http://conncoll.edu&size=128:0
[  184832ms] [ERROR] Failed to load resource: the server responded with a status of 404 () @ https://t3.gstatic.com/faviconV2?client=SOCIAL&type=FAVICON&fallback_opts=TYPE,SIZE,URL&url=http://mines.edu&size=128:0
[  185217ms] [ERROR] Failed to load resource: the server responded with a status of 404 () @ https://t3.gstatic.com/faviconV2?client=SOCIAL&type=FAVICON&fallback_opts=TYPE,SIZE,URL&url=http://dewv.edu&size=128:0
[  185220ms] [ERROR] Failed to load resource: the server responded with a status of 404 () @ https://t1.gstatic.com/faviconV2?client=SOCIAL&type=FAVICON&fallback_opts=TYPE,SIZE,URL&url=http://crown.edu&size=128:0
[  185224ms] [ERROR] Failed to load resource: the server responded with a status of 404 () @ https://t1.gstatic.com/faviconV2?client=SOCIAL&type=FAVICON&fallback_opts=TYPE,SIZE,URL&url=http://utahtech.edu&size=128:0
[  185747ms] [ERROR] Failed to load resource: the server responded with a status of 404 () @ https://t2.gstatic.com/faviconV2?client=SOCIAL&type=FAVICON&fallback_opts=TYPE,SIZE,URL&url=http://ecok.edu&size=128:0
[  185748ms] [ERROR] Failed to load resource: the server responded with a status of 404 () @ https://t3.gstatic.com/faviconV2?client=SOCIAL&type=FAVICON&fallback_opts=TYPE,SIZE,URL&url=http://duq.edu&size=128:0
[  186081ms] [ERROR] Failed to load resource: the server responded with a status of 404 () @ https://t3.gstatic.com/faviconV2?client=SOCIAL&type=FAVICON&fallback_opts=TYPE,SIZE,URL&url=http://uncfsu.edu&size=128:0
[  186081ms] [ERROR] Failed to load resource: the server responded with a status of 404 () @ https://t3.gstatic.com/faviconV2?client=SOCIAL&type=FAVICON&fallback_opts=TYPE,SIZE,URL&url=http://ec.edu&size=128:0
[  186091ms] [ERROR] Failed to load resource: the server responded with a status of 404 () @ https://t1.gstatic.com/faviconV2?client=SOCIAL&type=FAVICON&fallback_opts=TYPE,SIZE,URL&url=http://erskine.edu&size=128:0
[  186607ms] [ERROR] Failed to load resource: the server responded with a status of 404 () @ https://t2.gstatic.com/faviconV2?client=SOCIAL&type=FAVICON&fallback_opts=TYPE,SIZE,URL&url=http://frostburg.edu&size=128:0
[  186608ms] [ERROR] Failed to load resource: the server responded with a status of 404 () @ https://t2.gstatic.com/faviconV2?client=SOCIAL&type=FAVICON&fallback_opts=TYPE,SIZE,URL&url=http://gannon.edu&size=128:0
[  230414ms] [ERROR] Failed to load resource: the server responded with a status of 404 () @ https://t0.gstatic.com/faviconV2?client=SOCIAL&type=FAVICON&fallback_opts=TYPE,SIZE,URL&url=http://aamu.edu&size=128:0
